<?xml version="1.0" encoding="UTF-8"?>
<!-- Generated by org.testng.reporters.JUnitXMLReporter -->
<testsuite ignored="0" hostname="krishna" failures="0" tests="5" name="Default test" time="45.334" errors="0" timestamp="2023-10-06T21:21:48 IST">
  <testcase classname="com.qa.testcases.LoginTC" name="verifyValidLogin" time="0.908"/>
  <testcase classname="com.qa.testcases.LoginTC" name="verifyInvalidLogin" time="3.059"/>
  <testcase classname="com.qa.testcases.LoginTC" name="verifyValidPlacementOfficerLogin" time="0.329"/>
  <testcase classname="com.qa.testcases.LoginTC" name="verifyValidTrainerLogin" time="0.325"/>
  <testcase classname="com.qa.testcases.LoginTC" name="verifyLoginWithoutUsernameAndPassword" time="1.835"/>
</testsuite> <!-- Default test -->
